This file contains any messages produced by compilers while
running configure, to aid debugging if configure makes a mistake.

It was created by TruncatedNormalCPP configure 0.1, which was
generated by GNU Autoconf 2.69.  Invocation command line was

  $ ./configure 

## --------- ##
## Platform. ##
## --------- ##

hostname = Mac-mini.local
uname -m = x86_64
uname -r = 15.6.0
uname -s = Darwin
uname -v = Darwin Kernel Version 15.6.0: Mon Jan  9 23:07:29 PST 2017; root:xnu-3248.60.11.2.1~1/RELEASE_X86_64

/usr/bin/uname -p = i386
/bin/uname -X     = unknown

/bin/arch              = unknown
/usr/bin/arch -k       = unknown
/usr/convex/getsysinfo = unknown
/usr/bin/hostinfo      = Mach kernel version:
	 Darwin Kernel Version 15.6.0: Mon Jan  9 23:07:29 PST 2017; root:xnu-3248.60.11.2.1~1/RELEASE_X86_64
Kernel configured for up to 4 processors.
2 processors are physically available.
4 processors are logically available.
Processor type: x86_64h (Intel x86-64h Haswell)
Processors active: 0 1 2 3
Primary memory available: 8.00 gigabytes
Default processor set: 213 tasks, 915 threads, 4 processors
Load average: 1.15, Mach factor: 2.84
/bin/machine           = unknown
/usr/bin/oslevel       = unknown
/bin/universe          = unknown

PATH: /opt/local/bin
PATH: /opt/local/sbin/
PATH: /opt/local/Library/Frameworks/Python.framework/Versions/3.4/bin
PATH: /usr/local/bin
PATH: /usr/bin
PATH: /bin
PATH: /usr/sbin
PATH: /sbin
PATH: /opt/X11/bin


## ----------- ##
## Core tests. ##
## ----------- ##

configure:2414: checking for a BSD-compatible install
configure:2482: result: /opt/local/bin/ginstall -c
configure:2493: checking whether build environment is sane
configure:2548: result: yes
configure:2699: checking for a thread-safe mkdir -p
configure:2738: result: /opt/local/bin/gmkdir -p
configure:2745: checking for gawk
configure:2761: found /opt/local/bin/gawk
configure:2772: result: gawk
configure:2783: checking whether make sets $(MAKE)
configure:2805: result: yes
configure:2834: checking whether make supports nested variables
configure:2851: result: yes
configure:3006: checking build system type
configure:3020: result: x86_64-apple-darwin15.6.0
configure:3040: checking host system type
configure:3053: result: x86_64-apple-darwin15.6.0
configure:3094: checking how to print strings
configure:3121: result: printf
configure:3154: checking for style of include used by make
configure:3182: result: GNU
configure:3253: checking for gcc
configure:3269: found /opt/local/bin/gcc
configure:3280: result: gcc
configure:3509: checking for C compiler version
configure:3518: gcc --version >&5
gcc (MacPorts gcc5 5.4.0_0) 5.4.0
Copyright (C) 2015 Free Software Foundation, Inc.
This is free software; see the source for copying conditions.  There is NO
warranty; not even for MERCHANTABILITY or FITNESS FOR A PARTICULAR PURPOSE.

configure:3529: $? = 0
configure:3518: gcc -v >&5
Using built-in specs.
COLLECT_GCC=gcc
COLLECT_LTO_WRAPPER=/opt/local/libexec/gcc/x86_64-apple-darwin15/5.4.0/lto-wrapper
Target: x86_64-apple-darwin15
Configured with: /opt/local/var/macports/build/_opt_mports_dports_lang_gcc5/gcc5/work/gcc-5.4.0/configure --prefix=/opt/local --build=x86_64-apple-darwin15 --enable-languages=c,c++,objc,obj-c++,lto,fortran,java --libdir=/opt/local/lib/gcc5 --includedir=/opt/local/include/gcc5 --infodir=/opt/local/share/info --mandir=/opt/local/share/man --datarootdir=/opt/local/share/gcc-5 --with-local-prefix=/opt/local --with-system-zlib --disable-nls --program-suffix=-mp-5 --with-gxx-include-dir=/opt/local/include/gcc5/c++/ --with-gmp=/opt/local --with-mpfr=/opt/local --with-mpc=/opt/local --with-isl=/opt/local --enable-stage1-checking --disable-multilib --enable-lto --enable-libstdcxx-time --with-build-config=bootstrap-debug --with-as=/opt/local/bin/as --with-ld=/opt/local/bin/ld --with-ar=/opt/local/bin/ar --with-bugurl=https://trac.macports.org/newticket --with-pkgversion='MacPorts gcc5 5.4.0_0'
Thread model: posix
gcc version 5.4.0 (MacPorts gcc5 5.4.0_0) 
configure:3529: $? = 0
configure:3518: gcc -V >&5
gcc: error: unrecognized command line option '-V'
gcc: fatal error: no input files
compilation terminated.
configure:3529: $? = 1
configure:3518: gcc -qversion >&5
gcc: error: unrecognized command line option '-qversion'
gcc: fatal error: no input files
compilation terminated.
configure:3529: $? = 1
configure:3549: checking whether the C compiler works
configure:3571: gcc    conftest.c  >&5
configure:3575: $? = 0
configure:3623: result: yes
configure:3626: checking for C compiler default output file name
configure:3628: result: a.out
configure:3634: checking for suffix of executables
configure:3641: gcc -o conftest    conftest.c  >&5
configure:3645: $? = 0
configure:3667: result: 
configure:3689: checking whether we are cross compiling
configure:3697: gcc -o conftest    conftest.c  >&5
configure:3701: $? = 0
configure:3708: ./conftest
configure:3712: $? = 0
configure:3727: result: no
configure:3732: checking for suffix of object files
configure:3754: gcc -c   conftest.c >&5
configure:3758: $? = 0
configure:3779: result: o
configure:3783: checking whether we are using the GNU C compiler
configure:3802: gcc -c   conftest.c >&5
configure:3802: $? = 0
configure:3811: result: yes
configure:3820: checking whether gcc accepts -g
configure:3840: gcc -c -g  conftest.c >&5
configure:3840: $? = 0
configure:3881: result: yes
configure:3898: checking for gcc option to accept ISO C89
configure:3961: gcc  -c -g -O2  conftest.c >&5
configure:3961: $? = 0
configure:3974: result: none needed
configure:3999: checking whether gcc understands -c and -o together
configure:4021: gcc -c conftest.c -o conftest2.o
configure:4024: $? = 0
configure:4021: gcc -c conftest.c -o conftest2.o
configure:4024: $? = 0
configure:4036: result: yes
configure:4055: checking dependency style of gcc
configure:4166: result: gcc3
configure:4181: checking for a sed that does not truncate output
configure:4245: result: /opt/local/bin/gsed
configure:4263: checking for grep that handles long lines and -e
configure:4321: result: /usr/bin/grep
configure:4326: checking for egrep
configure:4388: result: /usr/bin/grep -E
configure:4393: checking for fgrep
configure:4455: result: /usr/bin/grep -F
configure:4490: checking for ld used by gcc
configure:4557: result: /opt/local/bin/ld
configure:4564: checking if the linker (/opt/local/bin/ld) is GNU ld
configure:4579: result: no
configure:4591: checking for BSD- or MS-compatible name lister (nm)
configure:4645: result: /opt/local/bin/nm -B
configure:4775: checking the name lister (/opt/local/bin/nm -B) interface
configure:4782: gcc -c -g -O2  conftest.c >&5
configure:4785: /opt/local/bin/nm -B "conftest.o"
configure:4788: output
000000000000019c S _some_variable
configure:4795: result: BSD nm
configure:4798: checking whether ln -s works
configure:4802: result: yes
configure:4810: checking the maximum length of command line arguments
configure:4941: result: 196608
configure:4989: checking how to convert x86_64-apple-darwin15.6.0 file names to x86_64-apple-darwin15.6.0 format
configure:5029: result: func_convert_file_noop
configure:5036: checking how to convert x86_64-apple-darwin15.6.0 file names to toolchain format
configure:5056: result: func_convert_file_noop
configure:5063: checking for /opt/local/bin/ld option to reload object files
configure:5070: result: -r
configure:5144: checking for objdump
configure:5174: result: no
configure:5203: checking how to recognize dependent libraries
configure:5403: result: pass_all
configure:5488: checking for dlltool
configure:5518: result: no
configure:5548: checking how to associate runtime and link libraries
configure:5575: result: printf %s\n
configure:5636: checking for ar
configure:5652: found /opt/local/bin/ar
configure:5663: result: ar
configure:5700: checking for archiver @FILE support
configure:5717: gcc -c -g -O2  conftest.c >&5
configure:5717: $? = 0
configure:5720: ar cru libconftest.a @conftest.lst >&5
ar: @conftest.lst: No such file or directory
configure:5723: $? = 1
configure:5743: result: no
configure:5801: checking for strip
configure:5817: found /opt/local/bin/strip
configure:5828: result: strip
configure:5900: checking for ranlib
configure:5916: found /opt/local/bin/ranlib
configure:5927: result: ranlib
configure:6029: checking command to parse /opt/local/bin/nm -B output from gcc object
configure:6182: gcc -c -g -O2  conftest.c >&5
configure:6185: $? = 0
configure:6189: /opt/local/bin/nm -B conftest.o \| sed -n -e 's/^.*[ ]\([BCDEGRST][BCDEGRST]*\)[ ][ ]*\([_A-Za-z][_A-Za-z0-9]*\)$/\1 \2 \2/p' | sed '/ __gnu_lto/d' \> conftest.nm
configure:6192: $? = 0
cannot find nm_test_var in conftest.nm
configure:6182: gcc -c -g -O2  conftest.c >&5
configure:6185: $? = 0
configure:6189: /opt/local/bin/nm -B conftest.o \| sed -n -e 's/^.*[ ]\([BCDEGRST][BCDEGRST]*\)[ ][ ]*_\([_A-Za-z][_A-Za-z0-9]*\)$/\1 _\2 \2/p' | sed '/ __gnu_lto/d' \> conftest.nm
configure:6192: $? = 0
configure:6258: gcc -o conftest -g -O2   conftest.c conftstm.o >&5
warning: (x86_64)  could not find object file symbol for symbol _main
configure:6261: $? = 0
configure:6299: result: ok
configure:6346: checking for sysroot
configure:6376: result: no
configure:6383: checking for a working dd
configure:6421: result: /bin/dd
configure:6425: checking how to truncate binary pipes
configure:6440: result: /bin/dd bs=4096 count=1
configure:6769: checking for mt
configure:6799: result: no
configure:6819: checking if : is a manifest tool
configure:6825: : '-?'
configure:6833: result: no
configure:6889: checking for dsymutil
configure:6905: found /usr/bin/dsymutil
configure:6916: result: dsymutil
configure:6981: checking for nmedit
configure:6997: found /opt/local/bin/nmedit
configure:7008: result: nmedit
configure:7073: checking for lipo
configure:7089: found /opt/local/bin/lipo
configure:7100: result: lipo
configure:7165: checking for otool
configure:7181: found /opt/local/bin/otool
configure:7192: result: otool
configure:7257: checking for otool64
configure:7287: result: no
configure:7332: checking for -single_module linker flag
gcc -g -O2  -o libconftest.dylib -dynamiclib -Wl,-single_module conftest.c
configure:7365: result: yes
configure:7368: checking for -exported_symbols_list linker flag
configure:7388: gcc -o conftest -g -O2   -Wl,-exported_symbols_list,conftest.sym conftest.c  >&5
configure:7388: $? = 0
configure:7398: result: yes
configure:7401: checking for -force_load linker flag
gcc -g -O2 -c -o conftest.o conftest.c
ar cru libconftest.a conftest.o
ranlib libconftest.a
gcc -g -O2  -o conftest conftest.c -Wl,-force_load,./libconftest.a
configure:7433: result: yes
configure:7510: checking how to run the C preprocessor
configure:7541: gcc -E  conftest.c
configure:7541: $? = 0
configure:7555: gcc -E  conftest.c
conftest.c:11:28: fatal error: ac_nonexistent.h: No such file or directory
compilation terminated.
configure:7555: $? = 1
configure: failed program was:
| /* confdefs.h */
| #define PACKAGE_NAME "TruncatedNormalCPP"
| #define PACKAGE_TARNAME "truncatednormalcpp"
| #define PACKAGE_VERSION "0.1"
| #define PACKAGE_STRING "TruncatedNormalCPP 0.1"
| #define PACKAGE_BUGREPORT "saito@manieth.com"
| #define PACKAGE_URL ""
| #define PACKAGE "truncatednormalcpp"
| #define VERSION "0.1"
| /* end confdefs.h.  */
| #include <ac_nonexistent.h>
configure:7580: result: gcc -E
configure:7600: gcc -E  conftest.c
configure:7600: $? = 0
configure:7614: gcc -E  conftest.c
conftest.c:11:28: fatal error: ac_nonexistent.h: No such file or directory
compilation terminated.
configure:7614: $? = 1
configure: failed program was:
| /* confdefs.h */
| #define PACKAGE_NAME "TruncatedNormalCPP"
| #define PACKAGE_TARNAME "truncatednormalcpp"
| #define PACKAGE_VERSION "0.1"
| #define PACKAGE_STRING "TruncatedNormalCPP 0.1"
| #define PACKAGE_BUGREPORT "saito@manieth.com"
| #define PACKAGE_URL ""
| #define PACKAGE "truncatednormalcpp"
| #define VERSION "0.1"
| /* end confdefs.h.  */
| #include <ac_nonexistent.h>
configure:7643: checking for ANSI C header files
configure:7663: gcc -c -g -O2  conftest.c >&5
configure:7663: $? = 0
configure:7736: gcc -o conftest -g -O2   conftest.c  >&5
configure:7736: $? = 0
configure:7736: ./conftest
configure:7736: $? = 0
configure:7747: result: yes
configure:7760: checking for sys/types.h
configure:7760: gcc -c -g -O2  conftest.c >&5
configure:7760: $? = 0
configure:7760: result: yes
configure:7760: checking for sys/stat.h
configure:7760: gcc -c -g -O2  conftest.c >&5
configure:7760: $? = 0
configure:7760: result: yes
configure:7760: checking for stdlib.h
configure:7760: gcc -c -g -O2  conftest.c >&5
configure:7760: $? = 0
configure:7760: result: yes
configure:7760: checking for string.h
configure:7760: gcc -c -g -O2  conftest.c >&5
configure:7760: $? = 0
configure:7760: result: yes
configure:7760: checking for memory.h
configure:7760: gcc -c -g -O2  conftest.c >&5
configure:7760: $? = 0
configure:7760: result: yes
configure:7760: checking for strings.h
configure:7760: gcc -c -g -O2  conftest.c >&5
configure:7760: $? = 0
configure:7760: result: yes
configure:7760: checking for inttypes.h
configure:7760: gcc -c -g -O2  conftest.c >&5
configure:7760: $? = 0
configure:7760: result: yes
configure:7760: checking for stdint.h
configure:7760: gcc -c -g -O2  conftest.c >&5
configure:7760: $? = 0
configure:7760: result: yes
configure:7760: checking for unistd.h
configure:7760: gcc -c -g -O2  conftest.c >&5
configure:7760: $? = 0
configure:7760: result: yes
configure:7774: checking for dlfcn.h
configure:7774: gcc -c -g -O2  conftest.c >&5
configure:7774: $? = 0
configure:7774: result: yes
configure:8030: checking for objdir
configure:8045: result: .libs
configure:8305: checking if gcc supports -fno-rtti -fno-exceptions
configure:8323: gcc -c -g -O2  -fno-rtti -fno-exceptions conftest.c >&5
cc1: warning: command line option '-fno-rtti' is valid for C++/ObjC++ but not for C
configure:8327: $? = 0
configure:8340: result: no
configure:8698: checking for gcc option to produce PIC
configure:8705: result: -fno-common -DPIC
configure:8713: checking if gcc PIC flag -fno-common -DPIC works
configure:8731: gcc -c -g -O2  -fno-common -DPIC -DPIC conftest.c >&5
configure:8735: $? = 0
configure:8748: result: yes
configure:8777: checking if gcc static flag -static works
configure:8805: result: no
configure:8820: checking if gcc supports -c -o file.o
configure:8841: gcc -c -g -O2  -o out/conftest2.o conftest.c >&5
configure:8845: $? = 0
configure:8867: result: yes
configure:8875: checking if gcc supports -c -o file.o
configure:8922: result: yes
configure:8955: checking whether the gcc linker (/opt/local/bin/ld) supports shared libraries
configure:10214: result: yes
configure:10454: checking dynamic linker characteristics
configure:11272: result: darwin15.6.0 dyld
configure:11394: checking how to hardcode library paths into programs
configure:11419: result: immediate
configure:11967: checking whether stripping libraries is possible
configure:11981: result: yes
configure:12007: checking if libtool supports shared libraries
configure:12009: result: yes
configure:12012: checking whether to build shared libraries
configure:12037: result: yes
configure:12040: checking whether to build static libraries
configure:12044: result: yes
configure:12124: checking for ranlib
configure:12151: result: ranlib
configure:12236: checking for g++
configure:12252: found /opt/local/bin/g++
configure:12263: result: g++
configure:12290: checking for C++ compiler version
configure:12299: g++ --version >&5
g++ (MacPorts gcc5 5.4.0_0) 5.4.0
Copyright (C) 2015 Free Software Foundation, Inc.
This is free software; see the source for copying conditions.  There is NO
warranty; not even for MERCHANTABILITY or FITNESS FOR A PARTICULAR PURPOSE.

configure:12310: $? = 0
configure:12299: g++ -v >&5
Using built-in specs.
COLLECT_GCC=g++
COLLECT_LTO_WRAPPER=/opt/local/libexec/gcc/x86_64-apple-darwin15/5.4.0/lto-wrapper
Target: x86_64-apple-darwin15
Configured with: /opt/local/var/macports/build/_opt_mports_dports_lang_gcc5/gcc5/work/gcc-5.4.0/configure --prefix=/opt/local --build=x86_64-apple-darwin15 --enable-languages=c,c++,objc,obj-c++,lto,fortran,java --libdir=/opt/local/lib/gcc5 --includedir=/opt/local/include/gcc5 --infodir=/opt/local/share/info --mandir=/opt/local/share/man --datarootdir=/opt/local/share/gcc-5 --with-local-prefix=/opt/local --with-system-zlib --disable-nls --program-suffix=-mp-5 --with-gxx-include-dir=/opt/local/include/gcc5/c++/ --with-gmp=/opt/local --with-mpfr=/opt/local --with-mpc=/opt/local --with-isl=/opt/local --enable-stage1-checking --disable-multilib --enable-lto --enable-libstdcxx-time --with-build-config=bootstrap-debug --with-as=/opt/local/bin/as --with-ld=/opt/local/bin/ld --with-ar=/opt/local/bin/ar --with-bugurl=https://trac.macports.org/newticket --with-pkgversion='MacPorts gcc5 5.4.0_0'
Thread model: posix
gcc version 5.4.0 (MacPorts gcc5 5.4.0_0) 
configure:12310: $? = 0
configure:12299: g++ -V >&5
g++: error: unrecognized command line option '-V'
g++: fatal error: no input files
compilation terminated.
configure:12310: $? = 1
configure:12299: g++ -qversion >&5
g++: error: unrecognized command line option '-qversion'
g++: fatal error: no input files
compilation terminated.
configure:12310: $? = 1
configure:12314: checking whether we are using the GNU C++ compiler
configure:12333: g++ -c   conftest.cpp >&5
configure:12333: $? = 0
configure:12342: result: yes
configure:12351: checking whether g++ accepts -g
configure:12371: g++ -c -g  conftest.cpp >&5
configure:12371: $? = 0
configure:12412: result: yes
configure:12437: checking dependency style of g++
configure:12548: result: gcc3
configure:12581: checking how to run the C++ preprocessor
configure:12608: g++ -E  conftest.cpp
configure:12608: $? = 0
configure:12622: g++ -E  conftest.cpp
conftest.cpp:23:28: fatal error: ac_nonexistent.h: No such file or directory
compilation terminated.
configure:12622: $? = 1
configure: failed program was:
| /* confdefs.h */
| #define PACKAGE_NAME "TruncatedNormalCPP"
| #define PACKAGE_TARNAME "truncatednormalcpp"
| #define PACKAGE_VERSION "0.1"
| #define PACKAGE_STRING "TruncatedNormalCPP 0.1"
| #define PACKAGE_BUGREPORT "saito@manieth.com"
| #define PACKAGE_URL ""
| #define PACKAGE "truncatednormalcpp"
| #define VERSION "0.1"
| #define STDC_HEADERS 1
| #define HAVE_SYS_TYPES_H 1
| #define HAVE_SYS_STAT_H 1
| #define HAVE_STDLIB_H 1
| #define HAVE_STRING_H 1
| #define HAVE_MEMORY_H 1
| #define HAVE_STRINGS_H 1
| #define HAVE_INTTYPES_H 1
| #define HAVE_STDINT_H 1
| #define HAVE_UNISTD_H 1
| #define HAVE_DLFCN_H 1
| #define LT_OBJDIR ".libs/"
| /* end confdefs.h.  */
| #include <ac_nonexistent.h>
configure:12647: result: g++ -E
configure:12667: g++ -E  conftest.cpp
configure:12667: $? = 0
configure:12681: g++ -E  conftest.cpp
conftest.cpp:23:28: fatal error: ac_nonexistent.h: No such file or directory
compilation terminated.
configure:12681: $? = 1
configure: failed program was:
| /* confdefs.h */
| #define PACKAGE_NAME "TruncatedNormalCPP"
| #define PACKAGE_TARNAME "truncatednormalcpp"
| #define PACKAGE_VERSION "0.1"
| #define PACKAGE_STRING "TruncatedNormalCPP 0.1"
| #define PACKAGE_BUGREPORT "saito@manieth.com"
| #define PACKAGE_URL ""
| #define PACKAGE "truncatednormalcpp"
| #define VERSION "0.1"
| #define STDC_HEADERS 1
| #define HAVE_SYS_TYPES_H 1
| #define HAVE_SYS_STAT_H 1
| #define HAVE_STDLIB_H 1
| #define HAVE_STRING_H 1
| #define HAVE_MEMORY_H 1
| #define HAVE_STRINGS_H 1
| #define HAVE_INTTYPES_H 1
| #define HAVE_STDINT_H 1
| #define HAVE_UNISTD_H 1
| #define HAVE_DLFCN_H 1
| #define LT_OBJDIR ".libs/"
| /* end confdefs.h.  */
| #include <ac_nonexistent.h>
configure:12843: checking for ld used by g++
configure:12910: result: /opt/local/bin/ld
configure:12917: checking if the linker (/opt/local/bin/ld) is GNU ld
configure:12932: result: no
configure:12987: checking whether the g++ linker (/opt/local/bin/ld) supports shared libraries
configure:14060: result: yes
configure:14096: g++ -c   conftest.cpp >&5
configure:14099: $? = 0
configure:14580: checking for g++ option to produce PIC
configure:14587: result: -fno-common -DPIC
configure:14595: checking if g++ PIC flag -fno-common -DPIC works
configure:14613: g++ -c   -fno-common -DPIC -DPIC conftest.cpp >&5
configure:14617: $? = 0
configure:14630: result: yes
configure:14653: checking if g++ static flag -static works
configure:14681: result: no
configure:14693: checking if g++ supports -c -o file.o
configure:14714: g++ -c   -o out/conftest2.o conftest.cpp >&5
configure:14718: $? = 0
configure:14740: result: yes
configure:14745: checking if g++ supports -c -o file.o
configure:14792: result: yes
configure:14822: checking whether the g++ linker (/opt/local/bin/ld) supports shared libraries
configure:14862: result: yes
configure:15003: checking dynamic linker characteristics
configure:15748: result: darwin15.6.0 dyld
configure:15813: checking how to hardcode library paths into programs
configure:15838: result: immediate
configure:15926: checking for gcc
configure:15953: result: gcc
configure:16182: checking for C compiler version
configure:16191: gcc --version >&5
gcc (MacPorts gcc5 5.4.0_0) 5.4.0
Copyright (C) 2015 Free Software Foundation, Inc.
This is free software; see the source for copying conditions.  There is NO
warranty; not even for MERCHANTABILITY or FITNESS FOR A PARTICULAR PURPOSE.

configure:16202: $? = 0
configure:16191: gcc -v >&5
Using built-in specs.
COLLECT_GCC=gcc
COLLECT_LTO_WRAPPER=/opt/local/libexec/gcc/x86_64-apple-darwin15/5.4.0/lto-wrapper
Target: x86_64-apple-darwin15
Configured with: /opt/local/var/macports/build/_opt_mports_dports_lang_gcc5/gcc5/work/gcc-5.4.0/configure --prefix=/opt/local --build=x86_64-apple-darwin15 --enable-languages=c,c++,objc,obj-c++,lto,fortran,java --libdir=/opt/local/lib/gcc5 --includedir=/opt/local/include/gcc5 --infodir=/opt/local/share/info --mandir=/opt/local/share/man --datarootdir=/opt/local/share/gcc-5 --with-local-prefix=/opt/local --with-system-zlib --disable-nls --program-suffix=-mp-5 --with-gxx-include-dir=/opt/local/include/gcc5/c++/ --with-gmp=/opt/local --with-mpfr=/opt/local --with-mpc=/opt/local --with-isl=/opt/local --enable-stage1-checking --disable-multilib --enable-lto --enable-libstdcxx-time --with-build-config=bootstrap-debug --with-as=/opt/local/bin/as --with-ld=/opt/local/bin/ld --with-ar=/opt/local/bin/ar --with-bugurl=https://trac.macports.org/newticket --with-pkgversion='MacPorts gcc5 5.4.0_0'
Thread model: posix
gcc version 5.4.0 (MacPorts gcc5 5.4.0_0) 
configure:16202: $? = 0
configure:16191: gcc -V >&5
gcc: error: unrecognized command line option '-V'
gcc: fatal error: no input files
compilation terminated.
configure:16202: $? = 1
configure:16191: gcc -qversion >&5
gcc: error: unrecognized command line option '-qversion'
gcc: fatal error: no input files
compilation terminated.
configure:16202: $? = 1
configure:16206: checking whether we are using the GNU C compiler
configure:16234: result: yes
configure:16243: checking whether gcc accepts -g
configure:16304: result: yes
configure:16321: checking for gcc option to accept ISO C89
configure:16397: result: none needed
configure:16422: checking whether gcc understands -c and -o together
configure:16459: result: yes
configure:16478: checking dependency style of gcc
configure:16589: result: gcc3
configure:16626: checking whether g++ supports C++14 features by default
configure:17040: g++ -c   conftest.cpp >&5
conftest.cpp:34:2: error: #error "This is not a C++11 compiler"
 #error "This is not a C++11 compiler"
  ^
conftest.cpp:319:2: error: #error "This is not a C++14 compiler"
 #error "This is not a C++14 compiler"
  ^
configure:17040: $? = 1
configure: failed program was:
| /* confdefs.h */
| #define PACKAGE_NAME "TruncatedNormalCPP"
| #define PACKAGE_TARNAME "truncatednormalcpp"
| #define PACKAGE_VERSION "0.1"
| #define PACKAGE_STRING "TruncatedNormalCPP 0.1"
| #define PACKAGE_BUGREPORT "saito@manieth.com"
| #define PACKAGE_URL ""
| #define PACKAGE "truncatednormalcpp"
| #define VERSION "0.1"
| #define STDC_HEADERS 1
| #define HAVE_SYS_TYPES_H 1
| #define HAVE_SYS_STAT_H 1
| #define HAVE_STDLIB_H 1
| #define HAVE_STRING_H 1
| #define HAVE_MEMORY_H 1
| #define HAVE_STRINGS_H 1
| #define HAVE_INTTYPES_H 1
| #define HAVE_STDINT_H 1
| #define HAVE_UNISTD_H 1
| #define HAVE_DLFCN_H 1
| #define LT_OBJDIR ".libs/"
| /* end confdefs.h.  */
| 
| 
| // If the compiler admits that it is not ready for C++11, why torture it?
| // Hopefully, this will speed up the test.
| 
| #ifndef __cplusplus
| 
| #error "This is not a C++ compiler"
| 
| #elif __cplusplus < 201103L
| 
| #error "This is not a C++11 compiler"
| 
| #else
| 
| namespace cxx11
| {
| 
|   namespace test_static_assert
|   {
| 
|     template <typename T>
|     struct check
|     {
|       static_assert(sizeof(int) <= sizeof(T), "not big enough");
|     };
| 
|   }
| 
|   namespace test_final_override
|   {
| 
|     struct Base
|     {
|       virtual void f() {}
|     };
| 
|     struct Derived : public Base
|     {
|       virtual void f() override {}
|     };
| 
|   }
| 
|   namespace test_double_right_angle_brackets
|   {
| 
|     template < typename T >
|     struct check {};
| 
|     typedef check<void> single_type;
|     typedef check<check<void>> double_type;
|     typedef check<check<check<void>>> triple_type;
|     typedef check<check<check<check<void>>>> quadruple_type;
| 
|   }
| 
|   namespace test_decltype
|   {
| 
|     int
|     f()
|     {
|       int a = 1;
|       decltype(a) b = 2;
|       return a + b;
|     }
| 
|   }
| 
|   namespace test_type_deduction
|   {
| 
|     template < typename T1, typename T2 >
|     struct is_same
|     {
|       static const bool value = false;
|     };
| 
|     template < typename T >
|     struct is_same<T, T>
|     {
|       static const bool value = true;
|     };
| 
|     template < typename T1, typename T2 >
|     auto
|     add(T1 a1, T2 a2) -> decltype(a1 + a2)
|     {
|       return a1 + a2;
|     }
| 
|     int
|     test(const int c, volatile int v)
|     {
|       static_assert(is_same<int, decltype(0)>::value == true, "");
|       static_assert(is_same<int, decltype(c)>::value == false, "");
|       static_assert(is_same<int, decltype(v)>::value == false, "");
|       auto ac = c;
|       auto av = v;
|       auto sumi = ac + av + 'x';
|       auto sumf = ac + av + 1.0;
|       static_assert(is_same<int, decltype(ac)>::value == true, "");
|       static_assert(is_same<int, decltype(av)>::value == true, "");
|       static_assert(is_same<int, decltype(sumi)>::value == true, "");
|       static_assert(is_same<int, decltype(sumf)>::value == false, "");
|       static_assert(is_same<int, decltype(add(c, v))>::value == true, "");
|       return (sumf > 0.0) ? sumi : add(c, v);
|     }
| 
|   }
| 
|   namespace test_noexcept
|   {
| 
|     int f() { return 0; }
|     int g() noexcept { return 0; }
| 
|     static_assert(noexcept(f()) == false, "");
|     static_assert(noexcept(g()) == true, "");
| 
|   }
| 
|   namespace test_constexpr
|   {
| 
|     template < typename CharT >
|     unsigned long constexpr
|     strlen_c_r(const CharT *const s, const unsigned long acc) noexcept
|     {
|       return *s ? strlen_c_r(s + 1, acc + 1) : acc;
|     }
| 
|     template < typename CharT >
|     unsigned long constexpr
|     strlen_c(const CharT *const s) noexcept
|     {
|       return strlen_c_r(s, 0UL);
|     }
| 
|     static_assert(strlen_c("") == 0UL, "");
|     static_assert(strlen_c("1") == 1UL, "");
|     static_assert(strlen_c("example") == 7UL, "");
|     static_assert(strlen_c("another\0example") == 7UL, "");
| 
|   }
| 
|   namespace test_rvalue_references
|   {
| 
|     template < int N >
|     struct answer
|     {
|       static constexpr int value = N;
|     };
| 
|     answer<1> f(int&)       { return answer<1>(); }
|     answer<2> f(const int&) { return answer<2>(); }
|     answer<3> f(int&&)      { return answer<3>(); }
| 
|     void
|     test()
|     {
|       int i = 0;
|       const int c = 0;
|       static_assert(decltype(f(i))::value == 1, "");
|       static_assert(decltype(f(c))::value == 2, "");
|       static_assert(decltype(f(0))::value == 3, "");
|     }
| 
|   }
| 
|   namespace test_uniform_initialization
|   {
| 
|     struct test
|     {
|       static const int zero {};
|       static const int one {1};
|     };
| 
|     static_assert(test::zero == 0, "");
|     static_assert(test::one == 1, "");
| 
|   }
| 
|   namespace test_lambdas
|   {
| 
|     void
|     test1()
|     {
|       auto lambda1 = [](){};
|       auto lambda2 = lambda1;
|       lambda1();
|       lambda2();
|     }
| 
|     int
|     test2()
|     {
|       auto a = [](int i, int j){ return i + j; }(1, 2);
|       auto b = []() -> int { return '0'; }();
|       auto c = [=](){ return a + b; }();
|       auto d = [&](){ return c; }();
|       auto e = [a, &b](int x) mutable {
|         const auto identity = [](int y){ return y; };
|         for (auto i = 0; i < a; ++i)
|           a += b--;
|         return x + identity(a + b);
|       }(0);
|       return a + b + c + d + e;
|     }
| 
|     int
|     test3()
|     {
|       const auto nullary = [](){ return 0; };
|       const auto unary = [](int x){ return x; };
|       using nullary_t = decltype(nullary);
|       using unary_t = decltype(unary);
|       const auto higher1st = [](nullary_t f){ return f(); };
|       const auto higher2nd = [unary](nullary_t f1){
|         return [unary, f1](unary_t f2){ return f2(unary(f1())); };
|       };
|       return higher1st(nullary) + higher2nd(nullary)(unary);
|     }
| 
|   }
| 
|   namespace test_variadic_templates
|   {
| 
|     template <int...>
|     struct sum;
| 
|     template <int N0, int... N1toN>
|     struct sum<N0, N1toN...>
|     {
|       static constexpr auto value = N0 + sum<N1toN...>::value;
|     };
| 
|     template <>
|     struct sum<>
|     {
|       static constexpr auto value = 0;
|     };
| 
|     static_assert(sum<>::value == 0, "");
|     static_assert(sum<1>::value == 1, "");
|     static_assert(sum<23>::value == 23, "");
|     static_assert(sum<1, 2>::value == 3, "");
|     static_assert(sum<5, 5, 11>::value == 21, "");
|     static_assert(sum<2, 3, 5, 7, 11, 13>::value == 41, "");
| 
|   }
| 
|   // http://stackoverflow.com/questions/13728184/template-aliases-and-sfinae
|   // Clang 3.1 fails with headers of libstd++ 4.8.3 when using std::function
|   // because of this.
|   namespace test_template_alias_sfinae
|   {
| 
|     struct foo {};
| 
|     template<typename T>
|     using member = typename T::member_type;
| 
|     template<typename T>
|     void func(...) {}
| 
|     template<typename T>
|     void func(member<T>*) {}
| 
|     void test();
| 
|     void test() { func<foo>(0); }
| 
|   }
| 
| }  // namespace cxx11
| 
| #endif  // __cplusplus >= 201103L
| 
| 
| 
| 
| // If the compiler admits that it is not ready for C++14, why torture it?
| // Hopefully, this will speed up the test.
| 
| #ifndef __cplusplus
| 
| #error "This is not a C++ compiler"
| 
| #elif __cplusplus < 201402L
| 
| #error "This is not a C++14 compiler"
| 
| #else
| 
| namespace cxx14
| {
| 
|   namespace test_polymorphic_lambdas
|   {
| 
|     int
|     test()
|     {
|       const auto lambda = [](auto&&... args){
|         const auto istiny = [](auto x){
|           return (sizeof(x) == 1UL) ? 1 : 0;
|         };
|         const int aretiny[] = { istiny(args)... };
|         return aretiny[0];
|       };
|       return lambda(1, 1L, 1.0f, '1');
|     }
| 
|   }
| 
|   namespace test_binary_literals
|   {
| 
|     constexpr auto ivii = 0b0000000000101010;
|     static_assert(ivii == 42, "wrong value");
| 
|   }
| 
|   namespace test_generalized_constexpr
|   {
| 
|     template < typename CharT >
|     constexpr unsigned long
|     strlen_c(const CharT *const s) noexcept
|     {
|       auto length = 0UL;
|       for (auto p = s; *p; ++p)
|         ++length;
|       return length;
|     }
| 
|     static_assert(strlen_c("") == 0UL, "");
|     static_assert(strlen_c("x") == 1UL, "");
|     static_assert(strlen_c("test") == 4UL, "");
|     static_assert(strlen_c("another\0test") == 7UL, "");
| 
|   }
| 
|   namespace test_lambda_init_capture
|   {
| 
|     int
|     test()
|     {
|       auto x = 0;
|       const auto lambda1 = [a = x](int b){ return a + b; };
|       const auto lambda2 = [a = lambda1(x)](){ return a; };
|       return lambda2();
|     }
| 
|   }
| 
|   namespace test_digit_seperators
|   {
| 
|     constexpr auto ten_million = 100'000'000;
|     static_assert(ten_million == 100000000, "");
| 
|   }
| 
|   namespace test_return_type_deduction
|   {
| 
|     auto f(int& x) { return x; }
|     decltype(auto) g(int& x) { return x; }
| 
|     template < typename T1, typename T2 >
|     struct is_same
|     {
|       static constexpr auto value = false;
|     };
| 
|     template < typename T >
|     struct is_same<T, T>
|     {
|       static constexpr auto value = true;
|     };
| 
|     int
|     test()
|     {
|       auto x = 0;
|       static_assert(is_same<int, decltype(f(x))>::value, "");
|       static_assert(is_same<int&, decltype(g(x))>::value, "");
|       return x;
|     }
| 
|   }
| 
| }  // namespace cxx14
| 
| #endif  // __cplusplus >= 201402L
| 
| 
| 
configure:17047: result: no
configure:17058: checking whether g++ supports C++14 features with -std=c++14
configure:17474: g++ -std=c++14 -c   conftest.cpp >&5
configure:17474: $? = 0
configure:17483: result: yes
configure:17522: checking whether g++ -std=c++14 supports C++11 features by default
configure:17816: g++ -std=c++14 -c   conftest.cpp >&5
configure:17816: $? = 0
configure:17823: result: yes
configure:18176: checking for inttypes.h
configure:18176: result: yes
configure:18176: checking for stdint.h
configure:18176: result: yes
configure:18176: checking for stdlib.h
configure:18176: result: yes
configure:18235: checking for boostlib >= 1.48
configure:18318: g++ -std=c++14 -c   -I/opt/local/include conftest.cpp >&5
configure:18318: $? = 0
configure:18320: result: yes
configure:18478: checking boost/numeric/ublas/vector.hpp usability
configure:18478: g++ -std=c++14 -c   conftest.cpp >&5
configure:18478: $? = 0
configure:18478: result: yes
configure:18478: checking boost/numeric/ublas/vector.hpp presence
configure:18478: g++ -E  conftest.cpp
configure:18478: $? = 0
configure:18478: result: yes
configure:18478: checking for boost/numeric/ublas/vector.hpp
configure:18478: result: yes
configure:18487: checking boost/numeric/ublas/matrix.hpp usability
configure:18487: g++ -std=c++14 -c   conftest.cpp >&5
configure:18487: $? = 0
configure:18487: result: yes
configure:18487: checking boost/numeric/ublas/matrix.hpp presence
configure:18487: g++ -E  conftest.cpp
configure:18487: $? = 0
configure:18487: result: yes
configure:18487: checking for boost/numeric/ublas/matrix.hpp
configure:18487: result: yes
configure:18496: checking boost/numeric/ublas/io.hpp usability
configure:18496: g++ -std=c++14 -c   conftest.cpp >&5
configure:18496: $? = 0
configure:18496: result: yes
configure:18496: checking boost/numeric/ublas/io.hpp presence
configure:18496: g++ -E  conftest.cpp
configure:18496: $? = 0
configure:18496: result: yes
configure:18496: checking for boost/numeric/ublas/io.hpp
configure:18496: result: yes
configure:18505: checking boost/numeric/ublas/lu.hpp usability
configure:18505: g++ -std=c++14 -c   conftest.cpp >&5
configure:18505: $? = 0
configure:18505: result: yes
configure:18505: checking boost/numeric/ublas/lu.hpp presence
configure:18505: g++ -E  conftest.cpp
configure:18505: $? = 0
configure:18505: result: yes
configure:18505: checking for boost/numeric/ublas/lu.hpp
configure:18505: result: yes
configure:18514: checking boost/numeric/ublas/triangular.hpp usability
configure:18514: g++ -std=c++14 -c   conftest.cpp >&5
configure:18514: $? = 0
configure:18514: result: yes
configure:18514: checking boost/numeric/ublas/triangular.hpp presence
configure:18514: g++ -E  conftest.cpp
configure:18514: $? = 0
configure:18514: result: yes
configure:18514: checking for boost/numeric/ublas/triangular.hpp
configure:18514: result: yes
configure:18535: checking for __builtin_popcount
configure:18554: gcc -o conftest -g -O2   conftest.c  >&5
configure:18554: $? = 0
configure:18563: result: yes
configure:18579: checking for __builtin_popcountl
configure:18598: gcc -o conftest -g -O2   conftest.c  >&5
configure:18598: $? = 0
configure:18607: result: yes
configure:18623: checking for __builtin_popcountll
configure:18642: gcc -o conftest -g -O2   conftest.c  >&5
configure:18642: $? = 0
configure:18651: result: yes
configure:18776: checking that generated files are newer than configure
configure:18782: result: done
configure:18813: creating ./config.status

## ---------------------- ##
## Running config.status. ##
## ---------------------- ##

This file was extended by TruncatedNormalCPP config.status 0.1, which was
generated by GNU Autoconf 2.69.  Invocation command line was

  CONFIG_FILES    = 
  CONFIG_HEADERS  = 
  CONFIG_LINKS    = 
  CONFIG_COMMANDS = 
  $ ./config.status 

on Mac-mini.local

config.status:1157: creating Makefile
config.status:1157: creating src/Makefile
config.status:1157: creating src/config.h
config.status:1386: executing depfiles commands
config.status:1386: executing libtool commands

## ---------------- ##
## Cache variables. ##
## ---------------- ##

ac_cv_build=x86_64-apple-darwin15.6.0
ac_cv_c_compiler_gnu=yes
ac_cv_cxx_compiler_gnu=yes
ac_cv_env_CCC_set=
ac_cv_env_CCC_value=
ac_cv_env_CC_set=
ac_cv_env_CC_value=
ac_cv_env_CFLAGS_set=
ac_cv_env_CFLAGS_value=
ac_cv_env_CPPFLAGS_set=
ac_cv_env_CPPFLAGS_value=
ac_cv_env_CPP_set=
ac_cv_env_CPP_value=
ac_cv_env_CXXCPP_set=
ac_cv_env_CXXCPP_value=
ac_cv_env_CXXFLAGS_set=
ac_cv_env_CXXFLAGS_value=
ac_cv_env_CXX_set=
ac_cv_env_CXX_value=
ac_cv_env_LDFLAGS_set=
ac_cv_env_LDFLAGS_value=
ac_cv_env_LIBS_set=
ac_cv_env_LIBS_value=
ac_cv_env_LT_SYS_LIBRARY_PATH_set=
ac_cv_env_LT_SYS_LIBRARY_PATH_value=
ac_cv_env_build_alias_set=
ac_cv_env_build_alias_value=
ac_cv_env_host_alias_set=
ac_cv_env_host_alias_value=
ac_cv_env_target_alias_set=
ac_cv_env_target_alias_value=
ac_cv_header_boost_numeric_ublas_io_hpp=yes
ac_cv_header_boost_numeric_ublas_lu_hpp=yes
ac_cv_header_boost_numeric_ublas_matrix_hpp=yes
ac_cv_header_boost_numeric_ublas_triangular_hpp=yes
ac_cv_header_boost_numeric_ublas_vector_hpp=yes
ac_cv_header_dlfcn_h=yes
ac_cv_header_inttypes_h=yes
ac_cv_header_memory_h=yes
ac_cv_header_stdc=yes
ac_cv_header_stdint_h=yes
ac_cv_header_stdlib_h=yes
ac_cv_header_string_h=yes
ac_cv_header_strings_h=yes
ac_cv_header_sys_stat_h=yes
ac_cv_header_sys_types_h=yes
ac_cv_header_unistd_h=yes
ac_cv_host=x86_64-apple-darwin15.6.0
ac_cv_objext=o
ac_cv_path_EGREP='/usr/bin/grep -E'
ac_cv_path_FGREP='/usr/bin/grep -F'
ac_cv_path_GREP=/usr/bin/grep
ac_cv_path_SED=/opt/local/bin/gsed
ac_cv_path_install='/opt/local/bin/ginstall -c'
ac_cv_path_lt_DD=/bin/dd
ac_cv_path_mkdir=/opt/local/bin/gmkdir
ac_cv_prog_AWK=gawk
ac_cv_prog_CPP='gcc -E'
ac_cv_prog_CXXCPP='g++ -E'
ac_cv_prog_ac_ct_AR=ar
ac_cv_prog_ac_ct_CC=gcc
ac_cv_prog_ac_ct_CXX=g++
ac_cv_prog_ac_ct_DSYMUTIL=dsymutil
ac_cv_prog_ac_ct_LIPO=lipo
ac_cv_prog_ac_ct_NMEDIT=nmedit
ac_cv_prog_ac_ct_OTOOL=otool
ac_cv_prog_ac_ct_RANLIB=ranlib
ac_cv_prog_ac_ct_STRIP=strip
ac_cv_prog_cc_c89=
ac_cv_prog_cc_g=yes
ac_cv_prog_cxx_g=yes
ac_cv_prog_make_make_set=yes
am_cv_CC_dependencies_compiler_type=gcc3
am_cv_CXX_dependencies_compiler_type=gcc3
am_cv_make_support_nested_variables=yes
am_cv_prog_cc_c_o=yes
ax_cv_cxx_compile_cxx11=yes
ax_cv_cxx_compile_cxx14=no
ax_cv_cxx_compile_cxx14__std_cpp14=yes
ax_cv_have___builtin_popcount=yes
ax_cv_have___builtin_popcountl=yes
ax_cv_have___builtin_popcountll=yes
lt_cv_apple_cc_single_mod=yes
lt_cv_ar_at_file=no
lt_cv_deplibs_check_method=pass_all
lt_cv_file_magic_cmd='$MAGIC_CMD'
lt_cv_file_magic_test_file=
lt_cv_ld_exported_symbols_list=yes
lt_cv_ld_force_load=yes
lt_cv_ld_reload_flag=-r
lt_cv_nm_interface='BSD nm'
lt_cv_objdir=.libs
lt_cv_path_LD=/opt/local/bin/ld
lt_cv_path_LDCXX=/opt/local/bin/ld
lt_cv_path_NM='/opt/local/bin/nm -B'
lt_cv_path_mainfest_tool=no
lt_cv_prog_compiler_c_o=yes
lt_cv_prog_compiler_c_o_CXX=yes
lt_cv_prog_compiler_pic='-fno-common -DPIC'
lt_cv_prog_compiler_pic_CXX='-fno-common -DPIC'
lt_cv_prog_compiler_pic_works=yes
lt_cv_prog_compiler_pic_works_CXX=yes
lt_cv_prog_compiler_rtti_exceptions=no
lt_cv_prog_compiler_static_works=no
lt_cv_prog_compiler_static_works_CXX=no
lt_cv_prog_gnu_ld=no
lt_cv_prog_gnu_ldcxx=no
lt_cv_sharedlib_from_linklib_cmd='printf %s\n'
lt_cv_sys_global_symbol_pipe='sed -n -e '\''s/^.*[	 ]\([BCDEGRST][BCDEGRST]*\)[	 ][	 ]*_\([_A-Za-z][_A-Za-z0-9]*\)$/\1 _\2 \2/p'\'' | sed '\''/ __gnu_lto/d'\'''
lt_cv_sys_global_symbol_to_c_name_address='sed -n -e '\''s/^: \(.*\) .*$/  {"\1", (void *) 0},/p'\'' -e '\''s/^[BCDEGRST][BCDEGRST]* .* \(.*\)$/  {"\1", (void *) \&\1},/p'\'''
lt_cv_sys_global_symbol_to_c_name_address_lib_prefix='sed -n -e '\''s/^: \(.*\) .*$/  {"\1", (void *) 0},/p'\'' -e '\''s/^[BCDEGRST][BCDEGRST]* .* \(lib.*\)$/  {"\1", (void *) \&\1},/p'\'' -e '\''s/^[BCDEGRST][BCDEGRST]* .* \(.*\)$/  {"lib\1", (void *) \&\1},/p'\'''
lt_cv_sys_global_symbol_to_cdecl='sed -n -e '\''s/^T .* \(.*\)$/extern int \1();/p'\'' -e '\''s/^[BCDEGRST][BCDEGRST]* .* \(.*\)$/extern char \1;/p'\'''
lt_cv_sys_global_symbol_to_import=
lt_cv_sys_max_cmd_len=196608
lt_cv_to_host_file_cmd=func_convert_file_noop
lt_cv_to_tool_file_cmd=func_convert_file_noop
lt_cv_truncate_bin='/bin/dd bs=4096 count=1'

## ----------------- ##
## Output variables. ##
## ----------------- ##

ACLOCAL='${SHELL} /Users/saito/git/mkt/TruncatedNormalCPP/missing aclocal-1.15'
AMDEPBACKSLASH='\'
AMDEP_FALSE='#'
AMDEP_TRUE=''
AMTAR='$${TAR-tar}'
AM_BACKSLASH='\'
AM_DEFAULT_V='$(AM_DEFAULT_VERBOSITY)'
AM_DEFAULT_VERBOSITY='1'
AM_V='$(V)'
AR='ar'
AUTOCONF='${SHELL} /Users/saito/git/mkt/TruncatedNormalCPP/missing autoconf'
AUTOHEADER='${SHELL} /Users/saito/git/mkt/TruncatedNormalCPP/missing autoheader'
AUTOMAKE='${SHELL} /Users/saito/git/mkt/TruncatedNormalCPP/missing automake-1.15'
AWK='gawk'
BOOST_CPPFLAGS='-I/opt/local/include'
BOOST_LDFLAGS='-L/opt/local/lib'
CC='gcc'
CCDEPMODE='depmode=gcc3'
CFLAGS='-g -O2'
CPP='gcc -E'
CPPFLAGS=''
CXX='g++ -std=c++14'
CXXCPP='g++ -E'
CXXDEPMODE='depmode=gcc3'
CXXFLAGS=''
CYGPATH_W='echo'
DEFS='-DHAVE_CONFIG_H'
DEPDIR='.deps'
DLLTOOL='false'
DSYMUTIL='dsymutil'
DUMPBIN=''
ECHO_C='\c'
ECHO_N=''
ECHO_T=''
EGREP='/usr/bin/grep -E'
EXEEXT=''
FGREP='/usr/bin/grep -F'
GREP='/usr/bin/grep'
HAVE_CXX11='1'
HAVE_CXX14='1'
INSTALL_DATA='${INSTALL} -m 644'
INSTALL_PROGRAM='${INSTALL}'
INSTALL_SCRIPT='${INSTALL}'
INSTALL_STRIP_PROGRAM='$(install_sh) -c -s'
LD='/opt/local/bin/ld'
LDFLAGS=''
LIBOBJS=''
LIBS=''
LIBTOOL='$(SHELL) $(top_builddir)/libtool'
LIPO='lipo'
LN_S='ln -s'
LTLIBOBJS=''
LT_SYS_LIBRARY_PATH=''
MAKEINFO='${SHELL} /Users/saito/git/mkt/TruncatedNormalCPP/missing makeinfo'
MANIFEST_TOOL=':'
MKDIR_P='/opt/local/bin/gmkdir -p'
NM='/opt/local/bin/nm -B'
NMEDIT='nmedit'
OBJDUMP='false'
OBJEXT='o'
OTOOL64=':'
OTOOL='otool'
PACKAGE='truncatednormalcpp'
PACKAGE_BUGREPORT='saito@manieth.com'
PACKAGE_NAME='TruncatedNormalCPP'
PACKAGE_STRING='TruncatedNormalCPP 0.1'
PACKAGE_TARNAME='truncatednormalcpp'
PACKAGE_URL=''
PACKAGE_VERSION='0.1'
PATH_SEPARATOR=':'
RANLIB='ranlib'
SED='/opt/local/bin/gsed'
SET_MAKE=''
SHELL='/bin/sh'
STRIP='strip'
VERSION='0.1'
ac_ct_AR='ar'
ac_ct_CC='gcc'
ac_ct_CXX='g++'
ac_ct_DUMPBIN=''
am__EXEEXT_FALSE=''
am__EXEEXT_TRUE='#'
am__fastdepCC_FALSE='#'
am__fastdepCC_TRUE=''
am__fastdepCXX_FALSE='#'
am__fastdepCXX_TRUE=''
am__include='include'
am__isrc=''
am__leading_dot='.'
am__nodep='_no'
am__quote=''
am__tar='$${TAR-tar} chof - "$$tardir"'
am__untar='$${TAR-tar} xf -'
bindir='${exec_prefix}/bin'
build='x86_64-apple-darwin15.6.0'
build_alias=''
build_cpu='x86_64'
build_os='darwin15.6.0'
build_vendor='apple'
datadir='${datarootdir}'
datarootdir='${prefix}/share'
docdir='${datarootdir}/doc/${PACKAGE_TARNAME}'
dvidir='${docdir}'
exec_prefix='${prefix}'
host='x86_64-apple-darwin15.6.0'
host_alias=''
host_cpu='x86_64'
host_os='darwin15.6.0'
host_vendor='apple'
htmldir='${docdir}'
includedir='${prefix}/include'
infodir='${datarootdir}/info'
install_sh='${SHELL} /Users/saito/git/mkt/TruncatedNormalCPP/install-sh'
libdir='${exec_prefix}/lib'
libexecdir='${exec_prefix}/libexec'
localedir='${datarootdir}/locale'
localstatedir='${prefix}/var'
mandir='${datarootdir}/man'
mkdir_p='$(MKDIR_P)'
oldincludedir='/usr/include'
pdfdir='${docdir}'
prefix='/usr/local'
program_transform_name='s,x,x,'
psdir='${docdir}'
sbindir='${exec_prefix}/sbin'
sharedstatedir='${prefix}/com'
sysconfdir='${prefix}/etc'
target_alias=''

## ----------- ##
## confdefs.h. ##
## ----------- ##

/* confdefs.h */
#define PACKAGE_NAME "TruncatedNormalCPP"
#define PACKAGE_TARNAME "truncatednormalcpp"
#define PACKAGE_VERSION "0.1"
#define PACKAGE_STRING "TruncatedNormalCPP 0.1"
#define PACKAGE_BUGREPORT "saito@manieth.com"
#define PACKAGE_URL ""
#define PACKAGE "truncatednormalcpp"
#define VERSION "0.1"
#define STDC_HEADERS 1
#define HAVE_SYS_TYPES_H 1
#define HAVE_SYS_STAT_H 1
#define HAVE_STDLIB_H 1
#define HAVE_STRING_H 1
#define HAVE_MEMORY_H 1
#define HAVE_STRINGS_H 1
#define HAVE_INTTYPES_H 1
#define HAVE_STDINT_H 1
#define HAVE_UNISTD_H 1
#define HAVE_DLFCN_H 1
#define LT_OBJDIR ".libs/"
#define HAVE_CXX14 1
#define HAVE_CXX11 1
#define HAVE_INTTYPES_H 1
#define HAVE_STDINT_H 1
#define HAVE_STDLIB_H 1
#define HAVE_BOOST /**/
#define HAVE___BUILTIN_POPCOUNT 1
#define HAVE___BUILTIN_POPCOUNTL 1
#define HAVE___BUILTIN_POPCOUNTLL 1

configure: exit 0

## ---------------------- ##
## Running config.status. ##
## ---------------------- ##

This file was extended by TruncatedNormalCPP config.status 0.1, which was
generated by GNU Autoconf 2.69.  Invocation command line was

  CONFIG_FILES    = 
  CONFIG_HEADERS  = 
  CONFIG_LINKS    = 
  CONFIG_COMMANDS = 
  $ ./config.status src/Makefile depfiles

on Mac-mini.local

config.status:1157: creating src/Makefile
config.status:1386: executing depfiles commands

## ---------------------- ##
## Running config.status. ##
## ---------------------- ##

This file was extended by TruncatedNormalCPP config.status 0.1, which was
generated by GNU Autoconf 2.69.  Invocation command line was

  CONFIG_FILES    = 
  CONFIG_HEADERS  = 
  CONFIG_LINKS    = 
  CONFIG_COMMANDS = 
  $ ./config.status src/Makefile depfiles

on Mac-mini.local

config.status:1157: creating src/Makefile
config.status:1386: executing depfiles commands

## ---------------------- ##
## Running config.status. ##
## ---------------------- ##

This file was extended by TruncatedNormalCPP config.status 0.1, which was
generated by GNU Autoconf 2.69.  Invocation command line was

  CONFIG_FILES    = 
  CONFIG_HEADERS  = 
  CONFIG_LINKS    = 
  CONFIG_COMMANDS = 
  $ ./config.status src/Makefile depfiles

on Mac-mini.local

config.status:1157: creating src/Makefile
config.status:1386: executing depfiles commands
